/app/data/incoming/20556674
/app/data/incoming/20557944  missing one of 4 series, i.e t1,t1ce,t2,flair
/app/data/incoming/20685563  missing one of 4 series, i.e t1,t1ce,t2,flair
/app/data/incoming/20721930  missing one of 4 series, i.e t1,t1ce,t2,flair
/app/data/incoming/20733123  missing one of 4 series, i.e t1,t1ce,t2,flair
/app/data/incoming/20733954
/app/data/incoming/20734467  missing one of 4 series, i.e t1,t1ce,t2,flair
/app/data/incoming/20740580  missing one of 4 series, i.e t1,t1ce,t2,flair
/app/data/incoming/20766617  missing one of 4 series, i.e t1,t1ce,t2,flair
/app/data/incoming/20770163  missing one of 4 series, i.e t1,t1ce,t2,flair
/app/data/incoming/20781681  missing one of 4 series, i.e t1,t1ce,t2,flair
/app/data/incoming/20803480  missing one of 4 series, i.e t1,t1ce,t2,flair
/app/data/incoming/20817004  missing one of 4 series, i.e t1,t1ce,t2,flair
/app/data/incoming/20851256  missing one of 4 series, i.e t1,t1ce,t2,flair
/app/data/incoming/20871259  missing one of 4 series, i.e t1,t1ce,t2,flair
/app/data/incoming/20871419
/app/data/incoming/20878698  missing one of 4 series, i.e t1,t1ce,t2,flair
/app/data/incoming/20879247  missing one of 4 series, i.e t1,t1ce,t2,flair
/app/data/incoming/20906864  missing one of 4 series, i.e t1,t1ce,t2,flair
/app/data/incoming/20922520
/app/data/incoming/20959603  missing one of 4 series, i.e t1,t1ce,t2,flair
/app/data/incoming/20961342
/app/data/incoming/20978270
/app/data/incoming/21001771
/app/data/incoming/21008929
/app/data/incoming/21024903  missing one of 4 series, i.e t1,t1ce,t2,flair
/app/data/incoming/21029824
/app/data/incoming/21053738
/app/data/incoming/21057143
/app/data/incoming/21105446
/app/data/incoming/21105939
/app/data/incoming/21127143
/app/data/incoming/21128175  missing one of 4 series, i.e t1,t1ce,t2,flair
/app/data/incoming/21159574  missing one of 4 series, i.e t1,t1ce,t2,flair
/app/data/incoming/21175206  missing one of 4 series, i.e t1,t1ce,t2,flair
/app/data/incoming/21177090
/app/data/incoming/21183340
/app/data/incoming/21189016
/app/data/incoming/21201742  missing one of 4 series, i.e t1,t1ce,t2,flair
/app/data/incoming/21204752  missing one of 4 series, i.e t1,t1ce,t2,flair
/app/data/incoming/21241255
/app/data/incoming/received.txt  missing one of 4 series, i.e t1,t1ce,t2,flair
/app/data/incoming/20985362    16/12/2020 12:00:02
/app/data/incoming/21066200    16/12/2020 12:20:01
/app/data/incoming/21067387  missing one of 4 series, i.e t1,t1ce,t2,flair    16/12/2020 12:40:02
/app/data/incoming/21201329    16/12/2020 12:40:02
/app/data/incoming/21264654  missing one of 4 series, i.e t1,t1ce,t2,flair    16/12/2020 13:00:01
/app/data/incoming/21266528    16/12/2020 13:00:01
/app/data/incoming/21267523  missing one of 4 series, i.e t1,t1ce,t2,flair    16/12/2020 13:20:02
/app/data/incoming/21275309  missing one of 4 series, i.e t1,t1ce,t2,flair    16/12/2020 13:20:02
/app/data/incoming/21288428  missing one of 4 series, i.e t1,t1ce,t2,flair    16/12/2020 13:20:02
/app/data/incoming/21289915  missing one of 4 series, i.e t1,t1ce,t2,flair    16/12/2020 13:20:02
/app/data/incoming/21295937    16/12/2020 13:20:02
/app/data/incoming/21314379  missing one of 4 series, i.e t1,t1ce,t2,flair    16/12/2020 13:40:01
/app/data/incoming/21314964  missing one of 4 series, i.e t1,t1ce,t2,flair    16/12/2020 13:40:01
/app/data/incoming/21315768  missing one of 4 series, i.e t1,t1ce,t2,flair    16/12/2020 13:40:01
/app/data/incoming/21315799  missing one of 4 series, i.e t1,t1ce,t2,flair    16/12/2020 13:40:01
/app/data/incoming/21098567  missing one of 4 series, i.e t1,t1ce,t2,flair    22/12/2020 13:20:01
/app/data/incoming/21118063  missing one of 4 series, i.e t1,t1ce,t2,flair    22/12/2020 13:20:01
/app/data/incoming/21231013    22/12/2020 13:20:01
/app/data/incoming/21317233    22/12/2020 13:20:01
/app/data/incoming/21328352  missing one of 4 series, i.e t1,t1ce,t2,flair    22/12/2020 13:20:01
/app/data/incoming/21332212  missing one of 4 series, i.e t1,t1ce,t2,flair    22/12/2020 13:20:01
/app/data/incoming/21332963  missing one of 4 series, i.e t1,t1ce,t2,flair    22/12/2020 13:20:01
/app/data/incoming/21352429    22/12/2020 13:20:01
/app/data/incoming/21231072  missing one of 4 series, i.e t1,t1ce,t2,flair    22/12/2020 13:40:01
/app/data/incoming/21352506  missing one of 4 series, i.e t1,t1ce,t2,flair    22/12/2020 13:40:01
/app/data/incoming/21123617  missing one of 4 series, i.e t1,t1ce,t2,flair    23/12/2020 11:20:02
/app/data/incoming/21378501    27/12/2020 21:00:01
/app/data/incoming/21135201  missing one of 4 series, i.e t1,t1ce,t2,flair    28/12/2020 12:40:01
/app/data/incoming/21345884  missing one of 4 series, i.e t1,t1ce,t2,flair    28/12/2020 15:00:01
/app/data/incoming/21237645    28/12/2020 16:20:01
/app/data/incoming/21389241    29/12/2020 17:20:02
/app/data/incoming/21415227  missing one of 4 series, i.e t1,t1ce,t2,flair    04/01/2021 11:40:01
/app/data/incoming/21419707    04/01/2021 22:40:01
/app/data/incoming/21424700    04/01/2021 23:00:01
/app/data/incoming/21433330  missing one of 4 series, i.e t1,t1ce,t2,flair    05/01/2021 18:40:01
/app/data/incoming/21435973  missing one of 4 series, i.e t1,t1ce,t2,flair    06/01/2021 15:00:01
/app/data/incoming/21456275    08/01/2021 13:20:01
/app/data/incoming/21463955  missing one of 4 series, i.e t1,t1ce,t2,flair    08/01/2021 19:20:01
/app/data/incoming/21386537  missing one of 4 series, i.e t1,t1ce,t2,flair    11/01/2021 16:40:01
/app/data/incoming/21479226  missing one of 4 series, i.e t1,t1ce,t2,flair    12/01/2021 13:40:01
/app/data/incoming/21463259  missing one of 4 series, i.e t1,t1ce,t2,flair    12/01/2021 15:20:01
/app/data/incoming/21438103  missing one of 4 series, i.e t1,t1ce,t2,flair    13/01/2021 09:00:01
/app/data/incoming/21372270  missing one of 4 series, i.e t1,t1ce,t2,flair    13/01/2021 12:20:01
/app/data/incoming/21443434    13/01/2021 12:20:01
/app/data/incoming/21313662  missing one of 4 series, i.e t1,t1ce,t2,flair    13/01/2021 13:00:01
/app/data/incoming/21325460  missing one of 4 series, i.e t1,t1ce,t2,flair    13/01/2021 13:40:01
/app/data/incoming/21484676  missing one of 4 series, i.e t1,t1ce,t2,flair    14/01/2021 10:00:01
/app/data/incoming/21488090    14/01/2021 19:20:01
/app/data/incoming/21399116    15/01/2021 09:20:01
/app/data/incoming/21447409  missing one of 4 series, i.e t1,t1ce,t2,flair    15/01/2021 15:40:01
/app/data/incoming/21517276  missing one of 4 series, i.e t1,t1ce,t2,flair    15/01/2021 20:20:01
